2018-06-15 07:11:04,130 INFO  [Log] Opening Browser 
2018-06-15 07:11:14,229 INFO  [Log] Navigating to URL 
2018-06-15 07:11:17,755 INFO  [Log] Clicking on Webelement btn_MyAccount 
2018-06-15 07:11:20,412 INFO  [Log] Entering the text in UserName 
2018-06-15 07:11:20,490 INFO  [Log] Entering the text in Password 
2018-06-15 07:11:20,542 INFO  [Log] Clicking the login btn 
2018-06-15 07:11:20,799 INFO  [Log] Wait for 5 seconds 
2018-06-15 07:11:25,805 INFO  [Log] Click logout btn 
2018-06-15 07:11:26,253 INFO  [Log] Closing the browser 
2018-06-15 07:17:52,560 INFO  [Log] Opening Browser 
2018-06-15 07:17:59,795 INFO  [Log] Navigating to URL 
2018-06-15 07:18:03,461 INFO  [Log] Clicking on Webelement btn_MyAccount 
2018-06-15 07:18:05,279 INFO  [Log] Entering the text in UserName 
2018-06-15 07:18:05,342 INFO  [Log] Entering the text in Password 
2018-06-15 07:18:05,379 INFO  [Log] Clicking the login btn 
2018-06-15 07:18:05,627 INFO  [Log] Wait for 5 seconds 
2018-06-15 07:18:10,632 INFO  [Log] Click logout btn 
2018-06-15 07:18:10,897 INFO  [Log] Closing the browser 
2018-06-15 07:18:44,189 INFO  [Log] Opening Browser 
2018-06-15 07:18:51,389 INFO  [Log] Navigating to URL 
2018-06-15 07:18:54,755 INFO  [Log] Clicking on Webelement btn_MyAccount 
2018-06-15 07:18:59,962 INFO  [Log] Entering the text in UserName 
2018-06-15 07:19:00,040 INFO  [Log] Entering the text in Password 
2018-06-15 07:19:00,103 INFO  [Log] Clicking the login btn 
2018-06-15 07:19:00,369 INFO  [Log] Wait for 5 seconds 
2018-06-15 07:19:05,371 INFO  [Log] Click logout btn 
2018-06-15 07:19:05,621 INFO  [Log] Closing the browser 
2018-06-15 07:30:08,944 INFO  [Log] Opening Browser 
2018-06-15 07:30:17,164 INFO  [Log] Navigating to URL 
2018-06-15 07:30:23,657 INFO  [Log] Clicking on Webelement btn_MyAccount 
2018-06-15 07:30:26,545 INFO  [Log] Entering the text in UserName 
2018-06-15 07:30:26,608 INFO  [Log] Entering the text in Password 
2018-06-15 07:30:26,654 INFO  [Log] Clicking the login btn 
2018-06-15 07:30:26,920 INFO  [Log] Wait for 5 seconds 
2018-06-15 07:30:31,929 INFO  [Log] Click logout btn 
2018-06-15 07:30:32,179 INFO  [Log] Closing the browser 
2018-06-15 07:38:24,670 ERROR [Log] Class Utils | Method getCellData | Exception desc : null 
2018-06-15 07:38:24,670 INFO  [Log] Opening Browser 
2018-06-15 07:38:33,894 ERROR [Log] Class Utils | Method getCellData | Exception desc : null 
2018-06-15 07:38:33,894 INFO  [Log] Navigating to URL 
2018-06-15 07:38:38,523 INFO  [Log] Clicking on Webelement btn_MyAccount 
2018-06-15 07:38:40,406 INFO  [Log] Entering the text in UserName 
2018-06-15 07:38:40,472 INFO  [Log] Entering the text in Password 
2018-06-15 07:38:40,526 INFO  [Log] Clicking the login btn 
2018-06-15 07:38:40,782 ERROR [Log] Class Utils | Method getCellData | Exception desc : null 
2018-06-15 07:38:40,783 INFO  [Log] Wait for 5 seconds 
2018-06-15 07:38:45,793 INFO  [Log] Click logout btn 
2018-06-15 07:38:46,074 ERROR [Log] Class Utils | Method getCellData | Exception desc : null 
2018-06-15 07:38:46,074 INFO  [Log] Closing the browser 
2018-06-15 07:59:05,061 INFO  [Log] **************************************************************************************** 
2018-06-15 07:59:05,061 INFO  [Log] **************************************************************************************** 
2018-06-15 07:59:05,061 INFO  [Log] $$$$$$$$$$$$$$$$$$$$$                 Login_01       $$$$$$$$$$$$$$$$$$$$$$$$$ 
2018-06-15 07:59:05,061 INFO  [Log] **************************************************************************************** 
2018-06-15 07:59:05,061 INFO  [Log] **************************************************************************************** 
2018-06-15 07:59:05,061 ERROR [Log] Class Utils | Method getCellData | Exception desc : null 
2018-06-15 07:59:05,061 INFO  [Log] Opening Browser 
2018-06-15 07:59:12,436 INFO  [Log] Closing the browser 
2018-06-15 07:59:14,528 INFO  [Log] XXXXXXXXXXXXXXXXXXXXXXX             -E---N---D-             XXXXXXXXXXXXXXXXXXXXXX 
2018-06-15 07:59:14,528 INFO  [Log] X 
2018-06-15 07:59:14,528 INFO  [Log] X 
2018-06-15 07:59:14,528 INFO  [Log] X 
2018-06-15 07:59:14,528 INFO  [Log] X 
2018-06-15 08:00:21,698 INFO  [Log] **************************************************************************************** 
2018-06-15 08:00:21,698 INFO  [Log] **************************************************************************************** 
2018-06-15 08:00:21,698 INFO  [Log] $$$$$$$$$$$$$$$$$$$$$                 Login_01       $$$$$$$$$$$$$$$$$$$$$$$$$ 
2018-06-15 08:00:21,698 INFO  [Log] **************************************************************************************** 
2018-06-15 08:00:21,698 INFO  [Log] **************************************************************************************** 
2018-06-15 08:00:21,698 ERROR [Log] Class Utils | Method getCellData | Exception desc : null 
2018-06-15 08:00:21,698 INFO  [Log] Opening Browser 
2018-06-15 08:00:28,932 INFO  [Log] Closing the browser 
2018-06-15 08:00:30,908 INFO  [Log] XXXXXXXXXXXXXXXXXXXXXXX             -E---N---D-             XXXXXXXXXXXXXXXXXXXXXX 
2018-06-15 08:00:30,908 INFO  [Log] X 
2018-06-15 08:00:30,908 INFO  [Log] X 
2018-06-15 08:00:30,908 INFO  [Log] X 
2018-06-15 08:00:30,908 INFO  [Log] X 
2018-06-15 08:06:45,066 INFO  [Log] **************************************************************************************** 
2018-06-15 08:06:45,066 INFO  [Log] **************************************************************************************** 
2018-06-15 08:06:45,066 INFO  [Log] $$$$$$$$$$$$$$$$$$$$$                 Login_01       $$$$$$$$$$$$$$$$$$$$$$$$$ 
2018-06-15 08:06:45,066 INFO  [Log] **************************************************************************************** 
2018-06-15 08:06:45,066 INFO  [Log] **************************************************************************************** 
2018-06-15 08:06:45,066 ERROR [Log] Class Utils | Method getCellData | Exception desc : null 
2018-06-15 08:06:45,066 INFO  [Log] Opening Browser 
2018-06-15 08:06:52,307 INFO  [Log] Closing the browser 
2018-06-15 08:06:54,421 INFO  [Log] XXXXXXXXXXXXXXXXXXXXXXX             -E---N---D-             XXXXXXXXXXXXXXXXXXXXXX 
2018-06-15 08:06:54,421 INFO  [Log] X 
2018-06-15 08:06:54,421 INFO  [Log] X 
2018-06-15 08:06:54,421 INFO  [Log] X 
2018-06-15 08:06:54,421 INFO  [Log] X 
2018-06-15 08:09:02,841 INFO  [Log] **************************************************************************************** 
2018-06-15 08:09:02,841 INFO  [Log] **************************************************************************************** 
2018-06-15 08:09:02,857 INFO  [Log] $$$$$$$$$$$$$$$$$$$$$                 Login_01       $$$$$$$$$$$$$$$$$$$$$$$$$ 
2018-06-15 08:09:02,857 INFO  [Log] **************************************************************************************** 
2018-06-15 08:09:02,857 INFO  [Log] **************************************************************************************** 
2018-06-15 08:09:16,341 ERROR [Log] Class Utils | Method getCellData | Exception desc : null 
2018-06-15 08:09:23,185 INFO  [Log] Opening Browser 
2018-06-15 08:10:07,317 INFO  [Log] Closing the browser 
2018-06-15 08:11:06,469 INFO  [Log] XXXXXXXXXXXXXXXXXXXXXXX             -E---N---D-             XXXXXXXXXXXXXXXXXXXXXX 
2018-06-15 08:11:06,469 INFO  [Log] X 
2018-06-15 08:11:06,469 INFO  [Log] X 
2018-06-15 08:11:06,469 INFO  [Log] X 
2018-06-15 08:11:06,469 INFO  [Log] X 
2018-06-15 08:12:39,941 INFO  [Log] **************************************************************************************** 
2018-06-15 08:12:39,941 INFO  [Log] **************************************************************************************** 
2018-06-15 08:12:39,941 INFO  [Log] $$$$$$$$$$$$$$$$$$$$$                 Login_01       $$$$$$$$$$$$$$$$$$$$$$$$$ 
2018-06-15 08:12:39,941 INFO  [Log] **************************************************************************************** 
2018-06-15 08:12:39,941 INFO  [Log] **************************************************************************************** 
2018-06-15 08:12:39,941 ERROR [Log] Class Utils | Method getCellData | Exception desc : null 
2018-06-15 08:12:39,941 INFO  [Log] Opening Browser 
2018-06-15 08:12:48,368 INFO  [Log] Closing the browser 
2018-06-15 08:12:50,665 INFO  [Log] XXXXXXXXXXXXXXXXXXXXXXX             -E---N---D-             XXXXXXXXXXXXXXXXXXXXXX 
2018-06-15 08:12:50,665 INFO  [Log] X 
2018-06-15 08:12:50,665 INFO  [Log] X 
2018-06-15 08:12:50,665 INFO  [Log] X 
2018-06-15 08:12:50,665 INFO  [Log] X 
2018-06-15 08:13:23,541 INFO  [Log] **************************************************************************************** 
2018-06-15 08:13:23,541 INFO  [Log] **************************************************************************************** 
2018-06-15 08:13:23,541 INFO  [Log] $$$$$$$$$$$$$$$$$$$$$                 Login_01       $$$$$$$$$$$$$$$$$$$$$$$$$ 
2018-06-15 08:13:23,541 INFO  [Log] **************************************************************************************** 
2018-06-15 08:13:23,541 INFO  [Log] **************************************************************************************** 
2018-06-15 08:13:23,541 ERROR [Log] Class Utils | Method getCellData | Exception desc : null 
2018-06-15 08:14:31,619 INFO  [Log] Opening Browser 
2018-06-15 08:15:46,484 INFO  [Log] Closing the browser 
2018-06-15 08:20:32,717 INFO  [Log] **************************************************************************************** 
2018-06-15 08:20:32,717 INFO  [Log] **************************************************************************************** 
2018-06-15 08:20:32,717 INFO  [Log] $$$$$$$$$$$$$$$$$$$$$                 Login_01       $$$$$$$$$$$$$$$$$$$$$$$$$ 
2018-06-15 08:20:32,717 INFO  [Log] **************************************************************************************** 
2018-06-15 08:20:32,717 INFO  [Log] **************************************************************************************** 
2018-06-15 08:20:32,717 ERROR [Log] Class Utils | Method getCellData | Exception desc : null 
2018-06-15 08:20:55,873 INFO  [Log] Opening Browser 
2018-06-15 08:22:33,858 INFO  [Log] **************************************************************************************** 
2018-06-15 08:22:33,858 INFO  [Log] **************************************************************************************** 
2018-06-15 08:22:33,874 INFO  [Log] $$$$$$$$$$$$$$$$$$$$$                 Login_01       $$$$$$$$$$$$$$$$$$$$$$$$$ 
2018-06-15 08:22:33,874 INFO  [Log] **************************************************************************************** 
2018-06-15 08:22:33,874 INFO  [Log] **************************************************************************************** 
2018-06-15 08:22:33,874 ERROR [Log] Class Utils | Method getCellData | Exception desc : null 
2018-06-15 08:23:19,280 INFO  [Log] **************************************************************************************** 
2018-06-15 08:23:19,280 INFO  [Log] **************************************************************************************** 
2018-06-15 08:23:19,280 INFO  [Log] $$$$$$$$$$$$$$$$$$$$$                 Login_01       $$$$$$$$$$$$$$$$$$$$$$$$$ 
2018-06-15 08:23:19,280 INFO  [Log] **************************************************************************************** 
2018-06-15 08:23:19,280 INFO  [Log] **************************************************************************************** 
2018-06-15 08:23:19,280 ERROR [Log] Class Utils | Method getCellData | Exception desc : null 
2018-06-15 08:23:41,495 INFO  [Log] **************************************************************************************** 
2018-06-15 08:23:41,495 INFO  [Log] **************************************************************************************** 
2018-06-15 08:23:41,495 INFO  [Log] $$$$$$$$$$$$$$$$$$$$$                 Login_01       $$$$$$$$$$$$$$$$$$$$$$$$$ 
2018-06-15 08:23:41,495 INFO  [Log] **************************************************************************************** 
2018-06-15 08:23:41,495 INFO  [Log] **************************************************************************************** 
2018-06-15 08:23:41,495 ERROR [Log] Class Utils | Method getCellData | Exception desc : null 
2018-06-15 08:23:50,870 INFO  [Log] Opening Browser 
2018-06-15 08:25:02,690 INFO  [Log] Closing the browser 
2018-06-15 08:25:04,148 INFO  [Log] XXXXXXXXXXXXXXXXXXXXXXX             -E---N---D-             XXXXXXXXXXXXXXXXXXXXXX 
2018-06-15 08:25:04,148 INFO  [Log] X 
2018-06-15 08:25:04,148 INFO  [Log] X 
2018-06-15 08:25:04,148 INFO  [Log] X 
2018-06-15 08:25:04,148 INFO  [Log] X 
2018-06-15 08:26:22,701 INFO  [Log] **************************************************************************************** 
2018-06-15 08:26:22,701 INFO  [Log] **************************************************************************************** 
2018-06-15 08:26:22,701 INFO  [Log] $$$$$$$$$$$$$$$$$$$$$                 Login_01       $$$$$$$$$$$$$$$$$$$$$$$$$ 
2018-06-15 08:26:22,701 INFO  [Log] **************************************************************************************** 
2018-06-15 08:26:22,701 INFO  [Log] **************************************************************************************** 
2018-06-15 08:26:22,701 ERROR [Log] Class Utils | Method getCellData | Exception desc : null 
2018-06-15 08:26:58,389 INFO  [Log] Opening Browser 
2018-06-15 08:27:57,028 INFO  [Log] Closing the browser 
2018-06-15 08:27:58,806 INFO  [Log] XXXXXXXXXXXXXXXXXXXXXXX             -E---N---D-             XXXXXXXXXXXXXXXXXXXXXX 
2018-06-15 08:27:58,806 INFO  [Log] X 
2018-06-15 08:27:58,806 INFO  [Log] X 
2018-06-15 08:27:58,806 INFO  [Log] X 
2018-06-15 08:27:58,806 INFO  [Log] X 
2018-06-15 08:29:24,423 INFO  [Log] **************************************************************************************** 
2018-06-15 08:29:24,424 INFO  [Log] **************************************************************************************** 
2018-06-15 08:29:24,424 INFO  [Log] $$$$$$$$$$$$$$$$$$$$$                 Login_01       $$$$$$$$$$$$$$$$$$$$$$$$$ 
2018-06-15 08:29:24,424 INFO  [Log] **************************************************************************************** 
2018-06-15 08:29:24,424 INFO  [Log] **************************************************************************************** 
2018-06-15 08:29:24,424 ERROR [Log] Class Utils | Method getCellData | Exception desc : null 
2018-06-15 08:29:24,424 INFO  [Log] Opening Browser 
2018-06-15 08:29:31,567 INFO  [Log] Closing the browser 
2018-06-15 08:29:33,350 INFO  [Log] XXXXXXXXXXXXXXXXXXXXXXX             -E---N---D-             XXXXXXXXXXXXXXXXXXXXXX 
2018-06-15 08:29:33,350 INFO  [Log] X 
2018-06-15 08:29:33,350 INFO  [Log] X 
2018-06-15 08:29:33,350 INFO  [Log] X 
2018-06-15 08:29:33,350 INFO  [Log] X 
2018-06-15 08:33:10,730 INFO  [Log] **************************************************************************************** 
2018-06-15 08:33:10,731 INFO  [Log] **************************************************************************************** 
2018-06-15 08:33:10,731 INFO  [Log] $$$$$$$$$$$$$$$$$$$$$                 Login_01       $$$$$$$$$$$$$$$$$$$$$$$$$ 
2018-06-15 08:33:10,731 INFO  [Log] **************************************************************************************** 
2018-06-15 08:33:10,731 INFO  [Log] **************************************************************************************** 
2018-06-15 08:33:10,731 ERROR [Log] Class Utils | Method getCellData | Exception desc : null 
2018-06-15 08:33:10,731 INFO  [Log] Opening Browser 
2018-06-15 08:33:18,496 INFO  [Log] Closing the browser 
2018-06-15 08:33:20,438 INFO  [Log] XXXXXXXXXXXXXXXXXXXXXXX             -E---N---D-             XXXXXXXXXXXXXXXXXXXXXX 
2018-06-15 08:33:20,438 INFO  [Log] X 
2018-06-15 08:33:20,438 INFO  [Log] X 
2018-06-15 08:33:20,438 INFO  [Log] X 
2018-06-15 08:33:20,438 INFO  [Log] X 
2018-06-15 08:38:41,151 INFO  [Log] **************************************************************************************** 
2018-06-15 08:38:41,152 INFO  [Log] **************************************************************************************** 
2018-06-15 08:38:41,152 INFO  [Log] $$$$$$$$$$$$$$$$$$$$$                 Login_01       $$$$$$$$$$$$$$$$$$$$$$$$$ 
2018-06-15 08:38:41,152 INFO  [Log] **************************************************************************************** 
2018-06-15 08:38:41,152 INFO  [Log] **************************************************************************************** 
2018-06-15 08:38:41,153 ERROR [Log] Class Utils | Method getCellData | Exception desc : null 
2018-06-15 08:38:41,153 INFO  [Log] Opening Browser 
2018-06-15 08:38:49,329 INFO  [Log] Closing the browser 
2018-06-15 08:38:51,376 INFO  [Log] XXXXXXXXXXXXXXXXXXXXXXX             -E---N---D-             XXXXXXXXXXXXXXXXXXXXXX 
2018-06-15 08:38:51,376 INFO  [Log] X 
2018-06-15 08:38:51,376 INFO  [Log] X 
2018-06-15 08:38:51,376 INFO  [Log] X 
2018-06-15 08:38:51,376 INFO  [Log] X 
2018-06-15 08:39:17,347 INFO  [Log] **************************************************************************************** 
2018-06-15 08:39:17,349 INFO  [Log] **************************************************************************************** 
2018-06-15 08:39:17,349 INFO  [Log] $$$$$$$$$$$$$$$$$$$$$                 Login_01       $$$$$$$$$$$$$$$$$$$$$$$$$ 
2018-06-15 08:39:17,349 INFO  [Log] **************************************************************************************** 
2018-06-15 08:39:17,349 INFO  [Log] **************************************************************************************** 
2018-06-15 08:39:17,351 ERROR [Log] Class Utils | Method getCellData | Exception desc : null 
2018-06-15 08:39:29,784 INFO  [Log] Opening Browser 
2018-06-15 09:04:29,865 INFO  [Log] **************************************************************************************** 
2018-06-15 09:04:29,866 INFO  [Log] **************************************************************************************** 
2018-06-15 09:04:29,866 INFO  [Log] $$$$$$$$$$$$$$$$$$$$$                 Login_01       $$$$$$$$$$$$$$$$$$$$$$$$$ 
2018-06-15 09:04:29,866 INFO  [Log] **************************************************************************************** 
2018-06-15 09:04:29,866 INFO  [Log] **************************************************************************************** 
2018-06-15 09:04:29,866 ERROR [Log] Class Utils | Method getCellData | Exception desc : null 
2018-06-15 09:04:29,866 INFO  [Log] Opening Browser 
2018-06-15 09:04:38,564 INFO  [Log] Closing the browser 
2018-06-15 09:04:40,423 INFO  [Log] XXXXXXXXXXXXXXXXXXXXXXX             -E---N---D-             XXXXXXXXXXXXXXXXXXXXXX 
2018-06-15 09:04:40,423 INFO  [Log] X 
2018-06-15 09:04:40,423 INFO  [Log] X 
2018-06-15 09:04:40,423 INFO  [Log] X 
2018-06-15 09:04:40,423 INFO  [Log] X 
2018-06-15 09:08:22,122 INFO  [Log] **************************************************************************************** 
2018-06-15 09:08:22,123 INFO  [Log] **************************************************************************************** 
2018-06-15 09:08:22,123 INFO  [Log] $$$$$$$$$$$$$$$$$$$$$                 Login_01       $$$$$$$$$$$$$$$$$$$$$$$$$ 
2018-06-15 09:08:22,123 INFO  [Log] **************************************************************************************** 
2018-06-15 09:08:22,123 INFO  [Log] **************************************************************************************** 
2018-06-15 09:08:22,124 ERROR [Log] Class Utils | Method getCellData | Exception desc : null 
2018-06-15 09:08:22,124 INFO  [Log] Opening Browser 
2018-06-15 09:08:29,216 INFO  [Log] Closing the browser 
2018-06-15 09:08:30,939 INFO  [Log] XXXXXXXXXXXXXXXXXXXXXXX             -E---N---D-             XXXXXXXXXXXXXXXXXXXXXX 
2018-06-15 09:08:30,939 INFO  [Log] X 
2018-06-15 09:08:30,939 INFO  [Log] X 
2018-06-15 09:08:30,939 INFO  [Log] X 
2018-06-15 09:08:30,939 INFO  [Log] X 
2018-06-15 09:11:12,368 INFO  [Log] **************************************************************************************** 
2018-06-15 09:11:12,368 INFO  [Log] **************************************************************************************** 
2018-06-15 09:11:12,369 INFO  [Log] $$$$$$$$$$$$$$$$$$$$$                 Login_01       $$$$$$$$$$$$$$$$$$$$$$$$$ 
2018-06-15 09:11:12,369 INFO  [Log] **************************************************************************************** 
2018-06-15 09:11:12,369 INFO  [Log] **************************************************************************************** 
2018-06-15 09:11:12,369 ERROR [Log] Class Utils | Method getCellData | Exception desc : null 
2018-06-15 09:11:12,369 INFO  [Log] Opening Browser 
2018-06-15 09:11:19,271 INFO  [Log] XXXXXXXXXXXXXXXXXXXXXXX             -E---N---D-             XXXXXXXXXXXXXXXXXXXXXX 
2018-06-15 09:11:19,271 INFO  [Log] X 
2018-06-15 09:11:19,271 INFO  [Log] X 
2018-06-15 09:11:19,271 INFO  [Log] X 
2018-06-15 09:11:19,271 INFO  [Log] X 
2018-06-15 09:13:21,330 INFO  [Log] **************************************************************************************** 
2018-06-15 09:13:21,331 INFO  [Log] **************************************************************************************** 
2018-06-15 09:13:21,331 INFO  [Log] $$$$$$$$$$$$$$$$$$$$$                 Login_01       $$$$$$$$$$$$$$$$$$$$$$$$$ 
2018-06-15 09:13:21,333 INFO  [Log] **************************************************************************************** 
2018-06-15 09:13:21,333 INFO  [Log] **************************************************************************************** 
2018-06-15 09:13:21,333 ERROR [Log] Class Utils | Method getCellData | Exception desc : null 
2018-06-15 09:14:08,571 INFO  [Log] Opening Browser 
2018-06-15 09:17:33,045 INFO  [Log] **************************************************************************************** 
2018-06-15 09:17:33,046 INFO  [Log] **************************************************************************************** 
2018-06-15 09:17:33,046 INFO  [Log] $$$$$$$$$$$$$$$$$$$$$                 Login_01       $$$$$$$$$$$$$$$$$$$$$$$$$ 
2018-06-15 09:17:33,047 INFO  [Log] **************************************************************************************** 
2018-06-15 09:17:33,047 INFO  [Log] **************************************************************************************** 
2018-06-15 09:17:33,047 ERROR [Log] Class Utils | Method getCellData | Exception desc : null 
2018-06-15 09:25:35,641 INFO  [Log] **************************************************************************************** 
2018-06-15 09:25:35,642 INFO  [Log] **************************************************************************************** 
2018-06-15 09:25:35,642 INFO  [Log] $$$$$$$$$$$$$$$$$$$$$                 Login_01       $$$$$$$$$$$$$$$$$$$$$$$$$ 
2018-06-15 09:25:35,642 INFO  [Log] **************************************************************************************** 
2018-06-15 09:25:35,642 INFO  [Log] **************************************************************************************** 
2018-06-15 09:25:35,643 ERROR [Log] Class Utils | Method getCellData | Exception desc : null 
2018-06-15 09:25:35,643 INFO  [Log] Opening Browser 
2018-06-15 09:25:42,678 INFO  [Log] XXXXXXXXXXXXXXXXXXXXXXX             -E---N---D-             XXXXXXXXXXXXXXXXXXXXXX 
2018-06-15 09:25:42,678 INFO  [Log] X 
2018-06-15 09:25:42,678 INFO  [Log] X 
2018-06-15 09:25:42,678 INFO  [Log] X 
2018-06-15 09:25:42,678 INFO  [Log] X 
2018-06-15 09:25:42,679 ERROR [Log] Class Utils | Method getCellData | Exception desc : null 
2018-06-15 09:25:42,679 ERROR [Log] Class Utils | Method getCellData | Exception desc : null 
2018-06-15 09:27:50,533 INFO  [Log] **************************************************************************************** 
2018-06-15 09:27:50,534 INFO  [Log] **************************************************************************************** 
2018-06-15 09:27:50,534 INFO  [Log] $$$$$$$$$$$$$$$$$$$$$                 Login_01       $$$$$$$$$$$$$$$$$$$$$$$$$ 
2018-06-15 09:27:50,534 INFO  [Log] **************************************************************************************** 
2018-06-15 09:27:50,534 INFO  [Log] **************************************************************************************** 
2018-06-15 09:27:50,535 ERROR [Log] Class Utils | Method getCellData | Exception desc : null 
2018-06-15 09:27:50,535 INFO  [Log] Opening Browser 
2018-06-15 09:27:57,461 INFO  [Log] XXXXXXXXXXXXXXXXXXXXXXX             -E---N---D-             XXXXXXXXXXXXXXXXXXXXXX 
2018-06-15 09:27:57,461 INFO  [Log] X 
2018-06-15 09:27:57,461 INFO  [Log] X 
2018-06-15 09:27:57,461 INFO  [Log] X 
2018-06-15 09:27:57,461 INFO  [Log] X 
2018-06-15 09:27:57,461 ERROR [Log] Class Utils | Method getCellData | Exception desc : null 
2018-06-15 09:27:57,461 ERROR [Log] Class Utils | Method getCellData | Exception desc : null 
2018-06-15 09:28:57,906 ERROR [Log] Class Utils | Method getCellData | Exception desc : null 
2018-06-15 09:28:57,906 INFO  [Log] **************************************************************************************** 
2018-06-15 09:28:57,906 INFO  [Log] **************************************************************************************** 
2018-06-15 09:28:57,906 INFO  [Log] $$$$$$$$$$$$$$$$$$$$$                 Login_01       $$$$$$$$$$$$$$$$$$$$$$$$$ 
2018-06-15 09:28:57,906 INFO  [Log] **************************************************************************************** 
2018-06-15 09:28:57,906 INFO  [Log] **************************************************************************************** 
2018-06-15 09:28:57,907 ERROR [Log] Class Utils | Method getCellData | Exception desc : null 
2018-06-15 09:28:57,907 INFO  [Log] Opening Browser 
2018-06-15 09:29:04,875 INFO  [Log] XXXXXXXXXXXXXXXXXXXXXXX             -E---N---D-             XXXXXXXXXXXXXXXXXXXXXX 
2018-06-15 09:29:04,875 INFO  [Log] X 
2018-06-15 09:29:04,875 INFO  [Log] X 
2018-06-15 09:29:04,875 INFO  [Log] X 
2018-06-15 09:29:04,875 INFO  [Log] X 
2018-06-15 09:29:04,875 ERROR [Log] Class Utils | Method getCellData | Exception desc : null 
2018-06-15 09:29:04,875 ERROR [Log] Class Utils | Method getCellData | Exception desc : null 
2018-06-15 09:31:10,965 ERROR [Log] Class Utils | Method getCellData | Exception desc : null 
2018-06-15 09:31:10,966 INFO  [Log] **************************************************************************************** 
2018-06-15 09:31:10,966 INFO  [Log] **************************************************************************************** 
2018-06-15 09:31:10,966 INFO  [Log] $$$$$$$$$$$$$$$$$$$$$                 Login_01       $$$$$$$$$$$$$$$$$$$$$$$$$ 
2018-06-15 09:31:10,966 INFO  [Log] **************************************************************************************** 
2018-06-15 09:31:10,966 INFO  [Log] **************************************************************************************** 
2018-06-15 09:31:10,966 ERROR [Log] Class Utils | Method getCellData | Exception desc : null 
2018-06-15 09:31:10,966 INFO  [Log] Opening Browser 
2018-06-15 09:31:17,954 INFO  [Log] XXXXXXXXXXXXXXXXXXXXXXX             -E---N---D-             XXXXXXXXXXXXXXXXXXXXXX 
2018-06-15 09:31:17,954 INFO  [Log] X 
2018-06-15 09:31:17,954 INFO  [Log] X 
2018-06-15 09:31:17,954 INFO  [Log] X 
2018-06-15 09:31:17,954 INFO  [Log] X 
2018-06-15 09:31:17,954 ERROR [Log] Class Utils | Method getCellData | Exception desc : null 
2018-06-15 09:31:17,954 ERROR [Log] Class Utils | Method getCellData | Exception desc : null 
2018-06-15 09:33:35,387 ERROR [Log] Class Utils | Method getCellData | Exception desc : null 
2018-06-15 09:33:35,388 INFO  [Log] **************************************************************************************** 
2018-06-15 09:33:35,388 INFO  [Log] **************************************************************************************** 
2018-06-15 09:33:35,388 INFO  [Log] $$$$$$$$$$$$$$$$$$$$$                 Login_01       $$$$$$$$$$$$$$$$$$$$$$$$$ 
2018-06-15 09:33:35,389 INFO  [Log] **************************************************************************************** 
2018-06-15 09:33:35,389 INFO  [Log] **************************************************************************************** 
2018-06-15 09:33:35,389 ERROR [Log] Class Utils | Method getCellData | Exception desc : null 
2018-06-15 09:33:35,389 INFO  [Log] Opening Browser 
2018-06-15 09:33:42,511 INFO  [Log] XXXXXXXXXXXXXXXXXXXXXXX             -E---N---D-             XXXXXXXXXXXXXXXXXXXXXX 
2018-06-15 09:33:42,511 INFO  [Log] X 
2018-06-15 09:33:42,511 INFO  [Log] X 
2018-06-15 09:33:42,511 INFO  [Log] X 
2018-06-15 09:33:42,512 INFO  [Log] X 
2018-06-15 09:34:41,709 ERROR [Log] Class Utils | Method getCellData | Exception desc : null 
2018-06-15 09:34:41,710 INFO  [Log] **************************************************************************************** 
2018-06-15 09:34:41,710 INFO  [Log] **************************************************************************************** 
2018-06-15 09:34:41,710 INFO  [Log] $$$$$$$$$$$$$$$$$$$$$                 Login_01       $$$$$$$$$$$$$$$$$$$$$$$$$ 
2018-06-15 09:34:41,710 INFO  [Log] **************************************************************************************** 
2018-06-15 09:34:41,710 INFO  [Log] **************************************************************************************** 
2018-06-15 09:34:41,710 ERROR [Log] Class Utils | Method getCellData | Exception desc : null 
2018-06-15 09:34:41,710 INFO  [Log] Opening Browser 
2018-06-15 09:34:47,574 INFO  [Log] XXXXXXXXXXXXXXXXXXXXXXX             -E---N---D-             XXXXXXXXXXXXXXXXXXXXXX 
2018-06-15 09:34:47,574 INFO  [Log] X 
2018-06-15 09:34:47,574 INFO  [Log] X 
2018-06-15 09:34:47,574 INFO  [Log] X 
2018-06-15 09:34:47,574 INFO  [Log] X 
2018-06-15 09:36:27,905 ERROR [Log] Class Utils | Method getCellData | Exception desc : null 
2018-06-15 09:36:27,906 INFO  [Log] **************************************************************************************** 
2018-06-15 09:36:27,907 INFO  [Log] **************************************************************************************** 
2018-06-15 09:36:27,907 INFO  [Log] $$$$$$$$$$$$$$$$$$$$$                 Login_01       $$$$$$$$$$$$$$$$$$$$$$$$$ 
2018-06-15 09:36:27,907 INFO  [Log] **************************************************************************************** 
2018-06-15 09:36:27,907 INFO  [Log] **************************************************************************************** 
2018-06-15 09:36:27,907 ERROR [Log] Class Utils | Method getCellData | Exception desc : null 
2018-06-15 09:36:27,908 INFO  [Log] Opening Browser 
2018-06-15 09:36:34,075 INFO  [Log] XXXXXXXXXXXXXXXXXXXXXXX             -E---N---D-             XXXXXXXXXXXXXXXXXXXXXX 
2018-06-15 09:36:34,075 INFO  [Log] X 
2018-06-15 09:36:34,075 INFO  [Log] X 
2018-06-15 09:36:34,076 INFO  [Log] X 
2018-06-15 09:36:34,076 INFO  [Log] X 
2018-06-15 09:39:15,807 ERROR [Log] Class Utils | Method getCellData | Exception desc : null 
2018-06-15 09:39:15,807 INFO  [Log] **************************************************************************************** 
2018-06-15 09:39:15,807 INFO  [Log] **************************************************************************************** 
2018-06-15 09:39:15,807 INFO  [Log] $$$$$$$$$$$$$$$$$$$$$                 Login_01       $$$$$$$$$$$$$$$$$$$$$$$$$ 
2018-06-15 09:39:15,807 INFO  [Log] **************************************************************************************** 
2018-06-15 09:39:15,807 INFO  [Log] **************************************************************************************** 
2018-06-15 09:39:15,807 ERROR [Log] Class Utils | Method getCellData | Exception desc : null 
2018-06-15 09:39:15,807 INFO  [Log] Opening Browser 
2018-06-15 09:39:21,763 INFO  [Log] XXXXXXXXXXXXXXXXXXXXXXX             -E---N---D-             XXXXXXXXXXXXXXXXXXXXXX 
2018-06-15 09:39:21,763 INFO  [Log] X 
2018-06-15 09:39:21,763 INFO  [Log] X 
2018-06-15 09:39:21,763 INFO  [Log] X 
2018-06-15 09:39:21,763 INFO  [Log] X 
2018-06-15 09:42:08,536 ERROR [Log] Class Utils | Method getCellData | Exception desc : null 
2018-06-15 09:42:08,537 INFO  [Log] **************************************************************************************** 
2018-06-15 09:42:08,537 INFO  [Log] **************************************************************************************** 
2018-06-15 09:42:08,537 INFO  [Log] $$$$$$$$$$$$$$$$$$$$$                 Login_01       $$$$$$$$$$$$$$$$$$$$$$$$$ 
2018-06-15 09:42:08,537 INFO  [Log] **************************************************************************************** 
2018-06-15 09:42:08,537 INFO  [Log] **************************************************************************************** 
2018-06-15 09:42:08,537 ERROR [Log] Class Utils | Method getCellData | Exception desc : null 
2018-06-15 09:42:08,537 INFO  [Log] Opening Browser 
2018-06-15 09:42:14,422 INFO  [Log] Closing the browser 
2018-06-15 09:42:16,213 INFO  [Log] XXXXXXXXXXXXXXXXXXXXXXX             -E---N---D-             XXXXXXXXXXXXXXXXXXXXXX 
2018-06-15 09:42:16,213 INFO  [Log] X 
2018-06-15 09:42:16,213 INFO  [Log] X 
2018-06-15 09:42:16,213 INFO  [Log] X 
2018-06-15 09:42:16,213 INFO  [Log] X 
2018-06-15 09:51:40,515 INFO  [Log] **************************************************************************************** 
2018-06-15 09:51:40,516 INFO  [Log] **************************************************************************************** 
2018-06-15 09:51:40,516 INFO  [Log] $$$$$$$$$$$$$$$$$$$$$                 Login_01       $$$$$$$$$$$$$$$$$$$$$$$$$ 
2018-06-15 09:51:40,516 INFO  [Log] **************************************************************************************** 
2018-06-15 09:51:40,516 INFO  [Log] **************************************************************************************** 
2018-06-15 09:51:40,516 ERROR [Log] Class Utils | Method getCellData | Exception desc : null 
2018-06-15 09:51:40,517 INFO  [Log] Opening Browser 
2018-06-15 09:51:46,675 INFO  [Log] XXXXXXXXXXXXXXXXXXXXXXX             -E---N---D-             XXXXXXXXXXXXXXXXXXXXXX 
2018-06-15 09:51:46,675 INFO  [Log] X 
2018-06-15 09:51:46,675 INFO  [Log] X 
2018-06-15 09:51:46,675 INFO  [Log] X 
2018-06-15 09:51:46,675 INFO  [Log] X 
2018-06-15 09:54:33,501 INFO  [Log] **************************************************************************************** 
2018-06-15 09:54:33,505 INFO  [Log] **************************************************************************************** 
2018-06-15 09:54:33,507 INFO  [Log] $$$$$$$$$$$$$$$$$$$$$                 Login_01       $$$$$$$$$$$$$$$$$$$$$$$$$ 
2018-06-15 09:54:33,508 INFO  [Log] **************************************************************************************** 
2018-06-15 09:54:33,510 INFO  [Log] **************************************************************************************** 
2018-06-15 09:54:51,261 ERROR [Log] Class Utils | Method getCellData | Exception desc : null 
2018-06-15 09:55:32,524 INFO  [Log] Opening Browser 
2018-06-15 09:58:01,586 INFO  [Log] **************************************************************************************** 
2018-06-15 09:58:01,586 INFO  [Log] **************************************************************************************** 
2018-06-15 09:58:01,587 INFO  [Log] $$$$$$$$$$$$$$$$$$$$$                 Login_01       $$$$$$$$$$$$$$$$$$$$$$$$$ 
2018-06-15 09:58:01,587 INFO  [Log] **************************************************************************************** 
2018-06-15 09:58:01,587 INFO  [Log] **************************************************************************************** 
2018-06-15 09:58:01,587 ERROR [Log] Class Utils | Method getCellData | Exception desc : null 
2018-06-15 09:58:01,587 INFO  [Log] Opening Browser 
2018-06-15 09:58:07,459 INFO  [Log] XXXXXXXXXXXXXXXXXXXXXXX             -E---N---D-             XXXXXXXXXXXXXXXXXXXXXX 
2018-06-15 09:58:07,459 INFO  [Log] X 
2018-06-15 09:58:07,459 INFO  [Log] X 
2018-06-15 09:58:07,459 INFO  [Log] X 
2018-06-15 09:58:07,459 INFO  [Log] X 
2018-06-15 09:58:22,661 INFO  [Log] **************************************************************************************** 
2018-06-15 09:58:22,662 INFO  [Log] **************************************************************************************** 
2018-06-15 09:58:22,662 INFO  [Log] $$$$$$$$$$$$$$$$$$$$$                 Login_01       $$$$$$$$$$$$$$$$$$$$$$$$$ 
2018-06-15 09:58:22,662 INFO  [Log] **************************************************************************************** 
2018-06-15 09:58:22,663 INFO  [Log] **************************************************************************************** 
2018-06-15 09:58:22,663 ERROR [Log] Class Utils | Method getCellData | Exception desc : null 
2018-06-15 09:58:22,663 INFO  [Log] Opening Browser 
2018-06-15 09:58:28,622 INFO  [Log] XXXXXXXXXXXXXXXXXXXXXXX             -E---N---D-             XXXXXXXXXXXXXXXXXXXXXX 
2018-06-15 09:58:28,622 INFO  [Log] X 
2018-06-15 09:58:28,622 INFO  [Log] X 
2018-06-15 09:58:28,622 INFO  [Log] X 
2018-06-15 09:58:28,622 INFO  [Log] X 
2018-06-15 09:59:54,987 INFO  [Log] **************************************************************************************** 
2018-06-15 09:59:54,989 INFO  [Log] **************************************************************************************** 
2018-06-15 09:59:54,990 INFO  [Log] $$$$$$$$$$$$$$$$$$$$$                 Login_01       $$$$$$$$$$$$$$$$$$$$$$$$$ 
2018-06-15 09:59:54,991 INFO  [Log] **************************************************************************************** 
2018-06-15 09:59:54,992 INFO  [Log] **************************************************************************************** 
2018-06-15 09:59:59,679 ERROR [Log] Class Utils | Method getCellData | Exception desc : null 
2018-06-15 10:00:04,414 INFO  [Log] Opening Browser 
2018-06-15 10:02:04,962 INFO  [Log] **************************************************************************************** 
2018-06-15 10:02:04,963 INFO  [Log] **************************************************************************************** 
2018-06-15 10:02:04,963 INFO  [Log] $$$$$$$$$$$$$$$$$$$$$                 Login_01       $$$$$$$$$$$$$$$$$$$$$$$$$ 
2018-06-15 10:02:04,963 INFO  [Log] **************************************************************************************** 
2018-06-15 10:02:04,963 INFO  [Log] **************************************************************************************** 
2018-06-15 10:02:04,963 ERROR [Log] Class Utils | Method getCellData | Exception desc : null 
2018-06-15 10:02:04,963 INFO  [Log] Opening Browser 
2018-06-15 10:02:10,928 INFO  [Log] XXXXXXXXXXXXXXXXXXXXXXX             -E---N---D-             XXXXXXXXXXXXXXXXXXXXXX 
2018-06-15 10:02:10,928 INFO  [Log] X 
2018-06-15 10:02:10,928 INFO  [Log] X 
2018-06-15 10:02:10,928 INFO  [Log] X 
2018-06-15 10:02:10,928 INFO  [Log] X 
2018-06-15 10:04:09,505 INFO  [Log] **************************************************************************************** 
2018-06-15 10:04:09,507 INFO  [Log] **************************************************************************************** 
2018-06-15 10:04:09,508 INFO  [Log] $$$$$$$$$$$$$$$$$$$$$                 Login_01       $$$$$$$$$$$$$$$$$$$$$$$$$ 
2018-06-15 10:04:09,509 INFO  [Log] **************************************************************************************** 
2018-06-15 10:04:09,510 INFO  [Log] **************************************************************************************** 
2018-06-15 10:04:13,979 ERROR [Log] Class Utils | Method getCellData | Exception desc : null 
2018-06-15 10:04:16,466 INFO  [Log] Opening Browser 
2018-06-15 10:07:31,053 INFO  [Log] **************************************************************************************** 
2018-06-15 10:07:31,053 INFO  [Log] **************************************************************************************** 
2018-06-15 10:07:31,053 INFO  [Log] $$$$$$$$$$$$$$$$$$$$$                 Login_01       $$$$$$$$$$$$$$$$$$$$$$$$$ 
2018-06-15 10:07:31,053 INFO  [Log] **************************************************************************************** 
2018-06-15 10:07:31,053 INFO  [Log] **************************************************************************************** 
2018-06-15 10:07:31,053 ERROR [Log] Class Utils | Method getCellData | Exception desc : null 
2018-06-15 10:07:31,053 INFO  [Log] Opening Browser 
2018-06-15 10:07:36,948 ERROR [Log] Class Utils | Method getCellData | Exception desc : null 
2018-06-15 10:07:36,948 INFO  [Log] Navigating to URL 
2018-06-15 10:07:41,203 INFO  [Log] Clicking on Webelement btn_MyAccount 
2018-06-15 10:07:44,295 INFO  [Log] Entering the text in UserName 
2018-06-15 10:07:44,373 INFO  [Log] Entering the text in Password 
2018-06-15 10:07:44,436 INFO  [Log] Clicking the login btn 
2018-06-15 10:07:44,701 ERROR [Log] Class Utils | Method getCellData | Exception desc : null 
2018-06-15 10:07:44,701 INFO  [Log] Wait for 5 seconds 
2018-06-15 10:07:49,701 INFO  [Log] Click logout btn 
2018-06-15 10:07:50,623 ERROR [Log] Class Utils | Method getCellData | Exception desc : null 
2018-06-15 10:07:50,623 INFO  [Log] Closing the browser 
2018-06-15 10:07:52,451 INFO  [Log] XXXXXXXXXXXXXXXXXXXXXXX             -E---N---D-             XXXXXXXXXXXXXXXXXXXXXX 
2018-06-15 10:07:52,451 INFO  [Log] X 
2018-06-15 10:07:52,451 INFO  [Log] X 
2018-06-15 10:07:52,451 INFO  [Log] X 
2018-06-15 10:07:52,451 INFO  [Log] X 
2018-06-15 10:14:44,069 INFO  [Log] **************************************************************************************** 
2018-06-15 10:14:44,069 INFO  [Log] **************************************************************************************** 
2018-06-15 10:14:44,069 INFO  [Log] $$$$$$$$$$$$$$$$$$$$$                 Login_01       $$$$$$$$$$$$$$$$$$$$$$$$$ 
2018-06-15 10:14:44,069 INFO  [Log] **************************************************************************************** 
2018-06-15 10:14:44,069 INFO  [Log] **************************************************************************************** 
2018-06-15 10:14:44,069 ERROR [Log] Class Utils | Method getCellData | Exception desc : null 
2018-06-15 10:14:44,069 INFO  [Log] Opening Browser 
2018-06-15 10:14:50,139 INFO  [Log] XXXXXXXXXXXXXXXXXXXXXXX             -E---N---D-             XXXXXXXXXXXXXXXXXXXXXX 
2018-06-15 10:14:50,139 INFO  [Log] X 
2018-06-15 10:14:50,139 INFO  [Log] X 
2018-06-15 10:14:50,139 INFO  [Log] X 
2018-06-15 10:14:50,139 INFO  [Log] X 
2018-06-15 10:17:17,046 INFO  [Log] **************************************************************************************** 
2018-06-15 10:17:17,046 INFO  [Log] **************************************************************************************** 
2018-06-15 10:17:17,046 INFO  [Log] $$$$$$$$$$$$$$$$$$$$$                 Login_01       $$$$$$$$$$$$$$$$$$$$$$$$$ 
2018-06-15 10:17:17,046 INFO  [Log] **************************************************************************************** 
2018-06-15 10:17:17,046 INFO  [Log] **************************************************************************************** 
2018-06-15 10:17:22,327 ERROR [Log] Class Utils | Method getCellData | Exception desc : null 
2018-06-19 03:15:02,723 INFO  [Log] **************************************************************************************** 
2018-06-19 03:15:02,724 INFO  [Log] **************************************************************************************** 
2018-06-19 03:15:02,724 INFO  [Log] $$$$$$$$$$$$$$$$$$$$$                 Login_01       $$$$$$$$$$$$$$$$$$$$$$$$$ 
2018-06-19 03:15:02,724 INFO  [Log] **************************************************************************************** 
2018-06-19 03:15:02,724 INFO  [Log] **************************************************************************************** 
2018-06-19 03:15:02,725 ERROR [Log] Class Utils | Method getCellData | Exception desc : null 
2018-06-19 03:15:02,725 INFO  [Log] Opening Browser 
2018-06-19 03:15:16,647 INFO  [Log] XXXXXXXXXXXXXXXXXXXXXXX             -E---N---D-             XXXXXXXXXXXXXXXXXXXXXX 
2018-06-19 03:15:16,647 INFO  [Log] X 
2018-06-19 03:15:16,647 INFO  [Log] X 
2018-06-19 03:15:16,647 INFO  [Log] X 
2018-06-19 03:15:16,647 INFO  [Log] X 
2018-06-19 03:19:21,688 INFO  [Log] **************************************************************************************** 
2018-06-19 03:19:21,690 INFO  [Log] **************************************************************************************** 
2018-06-19 03:19:21,692 INFO  [Log] $$$$$$$$$$$$$$$$$$$$$                 Login_01       $$$$$$$$$$$$$$$$$$$$$$$$$ 
2018-06-19 03:19:21,693 INFO  [Log] **************************************************************************************** 
2018-06-19 03:19:21,693 INFO  [Log] **************************************************************************************** 
2018-06-19 03:19:31,702 ERROR [Log] Class Utils | Method getCellData | Exception desc : null 
2018-06-19 03:20:24,054 INFO  [Log] **************************************************************************************** 
2018-06-19 03:20:24,056 INFO  [Log] **************************************************************************************** 
2018-06-19 03:20:24,060 INFO  [Log] $$$$$$$$$$$$$$$$$$$$$                 Login_01       $$$$$$$$$$$$$$$$$$$$$$$$$ 
2018-06-19 03:20:24,061 INFO  [Log] **************************************************************************************** 
2018-06-19 03:20:24,062 INFO  [Log] **************************************************************************************** 
2018-06-19 03:20:53,701 ERROR [Log] Class Utils | Method getCellData | Exception desc : null 
2018-06-19 03:21:44,158 INFO  [Log] **************************************************************************************** 
2018-06-19 03:21:44,159 INFO  [Log] **************************************************************************************** 
2018-06-19 03:21:44,159 INFO  [Log] $$$$$$$$$$$$$$$$$$$$$                 Login_01       $$$$$$$$$$$$$$$$$$$$$$$$$ 
2018-06-19 03:21:44,159 INFO  [Log] **************************************************************************************** 
2018-06-19 03:21:44,159 INFO  [Log] **************************************************************************************** 
2018-06-19 03:21:44,160 ERROR [Log] Class Utils | Method getCellData | Exception desc : null 
2018-06-19 03:21:44,160 INFO  [Log] Opening Browser 
2018-06-19 03:21:54,357 INFO  [Log] Not able to open Browser --- Process unexpectedly closed with status 0
Build info: version: '3.12.0', revision: '7c6e0b3', time: '2018-05-08T14:04:26.12Z'
System info: host: 'APIM-VM-VICTW', ip: '10.138.68.74', os.name: 'Windows 10', os.arch: 'amd64', os.version: '10.0', java.version: '1.8.0_171'
Driver info: driver.version: FirefoxDriver
remote stacktrace:  
2018-06-19 03:21:54,358 INFO  [Log] XXXXXXXXXXXXXXXXXXXXXXX             -E---N---D-             XXXXXXXXXXXXXXXXXXXXXX 
2018-06-19 03:21:54,358 INFO  [Log] X 
2018-06-19 03:21:54,358 INFO  [Log] X 
2018-06-19 03:21:54,358 INFO  [Log] X 
2018-06-19 03:21:54,358 INFO  [Log] X 
2018-06-19 03:23:24,221 INFO  [Log] **************************************************************************************** 
2018-06-19 03:23:24,225 INFO  [Log] **************************************************************************************** 
2018-06-19 03:23:24,227 INFO  [Log] $$$$$$$$$$$$$$$$$$$$$                 Login_01       $$$$$$$$$$$$$$$$$$$$$$$$$ 
2018-06-19 03:23:24,260 INFO  [Log] **************************************************************************************** 
2018-06-19 03:23:24,262 INFO  [Log] **************************************************************************************** 
2018-06-19 03:26:24,038 INFO  [Log] **************************************************************************************** 
2018-06-19 03:26:24,039 INFO  [Log] **************************************************************************************** 
2018-06-19 03:26:24,039 INFO  [Log] $$$$$$$$$$$$$$$$$$$$$                 Login_01       $$$$$$$$$$$$$$$$$$$$$$$$$ 
2018-06-19 03:26:24,039 INFO  [Log] **************************************************************************************** 
2018-06-19 03:26:24,039 INFO  [Log] **************************************************************************************** 
2018-06-19 03:26:24,040 ERROR [Log] Class Utils | Method getCellData | Exception desc : null 
2018-06-19 03:26:24,040 INFO  [Log] Opening Browser 
2018-06-19 03:26:31,160 INFO  [Log] XXXXXXXXXXXXXXXXXXXXXXX             -E---N---D-             XXXXXXXXXXXXXXXXXXXXXX 
2018-06-19 03:26:31,160 INFO  [Log] X 
2018-06-19 03:26:31,160 INFO  [Log] X 
2018-06-19 03:26:31,160 INFO  [Log] X 
2018-06-19 03:26:31,160 INFO  [Log] X 
2018-06-19 03:28:29,091 INFO  [Log] **************************************************************************************** 
2018-06-19 03:28:29,094 INFO  [Log] **************************************************************************************** 
2018-06-19 03:28:29,096 INFO  [Log] $$$$$$$$$$$$$$$$$$$$$                 Login_01       $$$$$$$$$$$$$$$$$$$$$$$$$ 
2018-06-19 03:28:29,098 INFO  [Log] **************************************************************************************** 
2018-06-19 03:28:29,100 INFO  [Log] **************************************************************************************** 
2018-06-19 03:28:39,347 ERROR [Log] Class Utils | Method getCellData | Exception desc : null 
2018-06-19 03:28:55,369 INFO  [Log] Opening Browser 
2018-06-19 05:05:17,221 INFO  [Log] **************************************************************************************** 
2018-06-19 05:05:17,236 INFO  [Log] **************************************************************************************** 
2018-06-19 05:05:17,236 INFO  [Log] $$$$$$$$$$$$$$$$$$$$$                 Login_01       $$$$$$$$$$$$$$$$$$$$$$$$$ 
2018-06-19 05:05:17,236 INFO  [Log] **************************************************************************************** 
2018-06-19 05:05:17,236 INFO  [Log] **************************************************************************************** 
2018-06-19 05:05:20,689 ERROR [Log] Class Utils | Method getCellData | Exception desc : null 
2018-06-19 05:05:28,080 INFO  [Log] Opening Browser 
2018-06-19 05:08:19,018 INFO  [Log] **************************************************************************************** 
2018-06-19 05:08:19,018 INFO  [Log] **************************************************************************************** 
2018-06-19 05:08:19,018 INFO  [Log] $$$$$$$$$$$$$$$$$$$$$                 Login_01       $$$$$$$$$$$$$$$$$$$$$$$$$ 
2018-06-19 05:08:19,018 INFO  [Log] **************************************************************************************** 
2018-06-19 05:08:19,018 INFO  [Log] **************************************************************************************** 
2018-06-19 05:08:19,018 ERROR [Log] Class Utils | Method getCellData | Exception desc : null 
2018-06-19 05:08:19,018 INFO  [Log] Opening Browser 
2018-06-19 05:08:26,378 INFO  [Log] XXXXXXXXXXXXXXXXXXXXXXX             -E---N---D-             XXXXXXXXXXXXXXXXXXXXXX 
2018-06-19 05:08:26,378 INFO  [Log] X 
2018-06-19 05:08:26,378 INFO  [Log] X 
2018-06-19 05:08:26,378 INFO  [Log] X 
2018-06-19 05:08:26,378 INFO  [Log] X 
2018-06-19 05:13:13,672 INFO  [Log] **************************************************************************************** 
2018-06-19 05:13:13,672 INFO  [Log] **************************************************************************************** 
2018-06-19 05:13:13,672 INFO  [Log] $$$$$$$$$$$$$$$$$$$$$                 Login_01       $$$$$$$$$$$$$$$$$$$$$$$$$ 
2018-06-19 05:13:13,672 INFO  [Log] **************************************************************************************** 
2018-06-19 05:13:13,672 INFO  [Log] **************************************************************************************** 
2018-06-19 05:13:13,672 ERROR [Log] Class Utils | Method getCellData | Exception desc : null 
2018-06-19 05:13:13,672 INFO  [Log] Opening Browser 
2018-06-19 05:13:21,309 ERROR [Log] Class Utils | Method getCellData | Exception desc : null 
2018-06-19 05:13:21,309 INFO  [Log] Navigating to URL 
2018-06-19 05:13:24,396 INFO  [Log] Clicking on Webelement btn_MyAccount 
2018-06-19 05:13:28,183 INFO  [Log] Entering the text in UserName 
2018-06-19 05:13:28,311 INFO  [Log] Entering the text in Password 
2018-06-19 05:13:28,420 INFO  [Log] Clicking the login btn 
2018-06-19 05:13:28,795 ERROR [Log] Class Utils | Method getCellData | Exception desc : null 
2018-06-19 05:13:28,795 INFO  [Log] Wait for 5 seconds 
2018-06-19 05:13:33,873 INFO  [Log] Click logout btn 
2018-06-19 05:13:40,451 ERROR [Log] Class Utils | Method getCellData | Exception desc : null 
2018-06-19 05:13:40,451 INFO  [Log] Closing the browser 
2018-06-19 05:13:42,596 INFO  [Log] XXXXXXXXXXXXXXXXXXXXXXX             -E---N---D-             XXXXXXXXXXXXXXXXXXXXXX 
2018-06-19 05:13:42,596 INFO  [Log] X 
2018-06-19 05:13:42,596 INFO  [Log] X 
2018-06-19 05:13:42,596 INFO  [Log] X 
2018-06-19 05:13:42,596 INFO  [Log] X 
2018-06-19 05:36:18,776 INFO  [Log] **************************************************************************************** 
2018-06-19 05:36:18,776 INFO  [Log] **************************************************************************************** 
2018-06-19 05:36:18,776 INFO  [Log] $$$$$$$$$$$$$$$$$$$$$                 Login_01       $$$$$$$$$$$$$$$$$$$$$$$$$ 
2018-06-19 05:36:18,776 INFO  [Log] **************************************************************************************** 
2018-06-19 05:36:18,776 INFO  [Log] **************************************************************************************** 
2018-06-19 05:36:18,776 ERROR [Log] Class Utils | Method getCellData | Exception desc : null 
2018-06-19 05:36:18,776 INFO  [Log] Opening Browser 
2018-06-19 05:36:28,401 INFO  [Log] Mozilla browser started 
2018-06-19 05:36:28,791 ERROR [Log] Class Utils | Method getCellData | Exception desc : null 
2018-06-19 05:36:28,791 ERROR [Log] Class Utils | Method getCellData | Exception desc : null 
2018-06-19 05:36:28,791 INFO  [Log] Navigating to URL 
2018-06-19 05:36:35,745 ERROR [Log] Class Utils | Method getCellData | Exception desc : null 
2018-06-19 05:36:35,745 INFO  [Log] Clicking on Webelement btn_MyAccount 
2018-06-19 05:36:37,987 INFO  [Log] Extering the text in txtbx_UserName 
2018-06-19 05:36:38,149 INFO  [Log] Extering the text in txtbx_Password 
2018-06-19 05:36:38,277 ERROR [Log] Class Utils | Method getCellData | Exception desc : null 
2018-06-19 05:36:38,277 INFO  [Log] Clicking the login btn 
2018-06-19 05:36:38,650 ERROR [Log] Class Utils | Method getCellData | Exception desc : null 
2018-06-19 05:36:38,650 ERROR [Log] Class Utils | Method getCellData | Exception desc : null 
2018-06-19 05:36:38,651 INFO  [Log] Wait for 5 seconds 
2018-06-19 05:36:43,760 ERROR [Log] Class Utils | Method getCellData | Exception desc : null 
2018-06-19 05:36:43,760 INFO  [Log] Click logout btn 
2018-06-19 05:36:44,088 ERROR [Log] Class Utils | Method getCellData | Exception desc : null 
2018-06-19 05:36:44,088 ERROR [Log] Class Utils | Method getCellData | Exception desc : null 
2018-06-19 05:36:44,088 INFO  [Log] Closing the browser 
2018-06-19 05:36:46,290 INFO  [Log] XXXXXXXXXXXXXXXXXXXXXXX             -E---N---D-             XXXXXXXXXXXXXXXXXXXXXX 
2018-06-19 05:36:46,290 INFO  [Log] X 
2018-06-19 05:36:46,290 INFO  [Log] X 
2018-06-19 05:36:46,290 INFO  [Log] X 
2018-06-19 05:36:46,290 INFO  [Log] X 
2018-06-19 06:00:42,353 INFO  [Log] **************************************************************************************** 
2018-06-19 06:00:42,369 INFO  [Log] **************************************************************************************** 
2018-06-19 06:00:42,369 INFO  [Log] $$$$$$$$$$$$$$$$$$$$$                 Login_01       $$$$$$$$$$$$$$$$$$$$$$$$$ 
2018-06-19 06:00:42,369 INFO  [Log] **************************************************************************************** 
2018-06-19 06:00:42,369 INFO  [Log] **************************************************************************************** 
2018-06-19 06:00:42,369 ERROR [Log] Class Utils | Method getCellData | Exception desc : null 
2018-06-19 06:00:42,369 INFO  [Log] Opening Browser 
2018-06-19 06:00:50,759 INFO  [Log] Mozilla browser started 
2018-06-19 06:00:51,166 ERROR [Log] Class Utils | Method getCellData | Exception desc : null 
2018-06-19 06:00:51,166 ERROR [Log] Class Utils | Method getCellData | Exception desc : null 
2018-06-19 06:00:51,166 INFO  [Log] Navigating to URL 
2018-06-19 06:01:01,961 ERROR [Log] Class Utils | Method getCellData | Exception desc : null 
2018-06-19 06:01:01,961 INFO  [Log] Clicking on Webelement btn_MyAccount 
2018-06-19 06:01:07,313 INFO  [Log] Extering the text in txtbx_UserName 
2018-06-19 06:01:09,563 INFO  [Log] Extering the text in txtbx_Password 
2018-06-19 06:01:09,829 ERROR [Log] Class Utils | Method getCellData | Exception desc : null 
2018-06-19 06:01:09,829 INFO  [Log] Clicking the login btn 
2018-06-19 06:01:10,235 ERROR [Log] Class Utils | Method getCellData | Exception desc : null 
2018-06-19 06:01:10,235 ERROR [Log] Class Utils | Method getCellData | Exception desc : null 
2018-06-19 06:01:10,235 INFO  [Log] Wait for 5 seconds 
2018-06-19 06:01:15,313 ERROR [Log] Class Utils | Method getCellData | Exception desc : null 
2018-06-19 06:01:15,313 INFO  [Log] Click logout btn 
2018-06-19 06:01:27,166 ERROR [Log] Class Utils | Method getCellData | Exception desc : null 
2018-06-19 06:01:27,166 ERROR [Log] Class Utils | Method getCellData | Exception desc : null 
2018-06-19 06:01:27,166 INFO  [Log] Closing the browser 
2018-06-19 06:01:29,103 INFO  [Log] XXXXXXXXXXXXXXXXXXXXXXX             -E---N---D-             XXXXXXXXXXXXXXXXXXXXXX 
2018-06-19 06:01:29,103 INFO  [Log] X 
2018-06-19 06:01:29,103 INFO  [Log] X 
2018-06-19 06:01:29,103 INFO  [Log] X 
2018-06-19 06:01:29,103 INFO  [Log] X 
